2025-02-04T14:38:38.666107Z  INFO telemetry: job_telemetry_init artifact_type=installed branch=origin/6939da8cbd6c2e8ae95ad9ac5a4346556d9d4c41 ci_number=20241028.3 ci_name=CommonRuntime-Linux-prod-build-OneBranchOfficial build_time=2024-10-28 17:43:03.819744
2025-02-04T14:38:38.668380Z  INFO load_config_from_env: lifecycler::config: Resolved grpc addresses lifecycler_address=/mnt/azureml/cr/j/1d7eefc4724d42fda5f962feab3ae6c2/.grpc/lifecycler:0 executor_address=/mnt/azureml/cr/j/1d7eefc4724d42fda5f962feab3ae6c2/.grpc/executor:0
2025-02-04T14:38:38.668835Z  INFO load_config_from_env:load_capability_addresses_from_env{capability_endpoints_from_config={"CS_CAPABILITY": CapabilityEndpoint { name: "CS_CAPABILITY", address: "/mnt/azureml/cr/j/1d7eefc4724d42fda5f962feab3ae6c2/.grpc/cs-capability:0", type: Service }, "DATA_CAPABILITY": CapabilityEndpoint { name: "DATA_CAPABILITY", address: "/mnt/azureml/cr/j/1d7eefc4724d42fda5f962feab3ae6c2/.grpc/data-capability:0", type: Service }, "HOSTTOOLS_CAPABILITY": CapabilityEndpoint { name: "HOSTTOOLS_CAPABILITY", address: "/mnt/azureml/cr/j/1d7eefc4724d42fda5f962feab3ae6c2/.grpc/hosttools-capability:0", type: Service }, "METRICS_CAPABILITY": CapabilityEndpoint { name: "METRICS_CAPABILITY", address: "/mnt/azureml/cr/j/1d7eefc4724d42fda5f962feab3ae6c2/.grpc/metrics-capability:0", type: Service }, "SNAPSHOT_CAPABILITY": CapabilityEndpoint { name: "SNAPSHOT_CAPABILITY", address: "/mnt/azureml/cr/j/1d7eefc4724d42fda5f962feab3ae6c2/.grpc/snapshot-capability:0", type: Service }}}: lifecycler::config: close time.busy=172µs time.idle=98.4µs
2025-02-04T14:38:38.668959Z  INFO load_config_from_env: lifecycler::config: close time.busy=731µs time.idle=18.9µs
2025-02-04T14:38:38.669063Z  INFO run_lifecycler:run_service_and_step_through_lifecycle: lifecycler::lifecycle: distributed config is not specified, skip setting up distributed barrier
2025-02-04T14:38:38.669282Z  INFO Lifecycler::run_service: lifecycler::service: serving lifecycle service address=/mnt/azureml/cr/j/1d7eefc4724d42fda5f962feab3ae6c2/.grpc/lifecycler:0
2025-02-04T14:38:38.669612Z  INFO Lifecycler::run_service:serve_more: grpc_utils::endpoint::serve: serving gRPC service endpoint=Uds("/mnt/azureml/cr/j/1d7eefc4724d42fda5f962feab3ae6c2/.grpc/lifecycler:0") retry=ExponentialBackoffRetry { retry_delay_secs: 2, delay_factor: 1000, num_retries: 3 }
2025-02-04T14:38:38.669957Z  INFO run_lifecycler:run_service_and_step_through_lifecycle: lifecycler::lifecycle: Trying to configure lifecycler to ignore termination signals
2025-02-04T14:38:38.670174Z  INFO run_lifecycler:run_service_and_step_through_lifecycle: cr_core: Successfully configured current process to ignore termination signals
2025-02-04T14:38:38.670439Z  INFO run_lifecycler:run_service_and_step_through_lifecycle:step_through_lifecycle:connect_capabilities:connect: grpc_utils::endpoint::connect: Connecting to gRPC service endpoint=Uds("/mnt/azureml/cr/j/1d7eefc4724d42fda5f962feab3ae6c2/.grpc/cs-capability:0") retry=FixedIntervalRetry { attempt_timeout_millis: 50, retry_delay_millis: 10, max_duration: 7200s }
2025-02-04T14:38:39.857042Z  INFO run_lifecycler:run_service_and_step_through_lifecycle:step_through_lifecycle:connect_capabilities:connect: grpc_utils::endpoint::connect: Successfully connected to gRPC service endpoint=Uds("/mnt/azureml/cr/j/1d7eefc4724d42fda5f962feab3ae6c2/.grpc/cs-capability:0")
2025-02-04T14:38:39.857149Z  INFO run_lifecycler:run_service_and_step_through_lifecycle:step_through_lifecycle:connect_capabilities:connect: grpc_utils::endpoint::connect: close time.busy=9.66ms time.idle=1.18s
2025-02-04T14:38:39.857342Z  INFO run_lifecycler:run_service_and_step_through_lifecycle:step_through_lifecycle:connect_capabilities:connect: grpc_utils::endpoint::connect: Connecting to gRPC service endpoint=Uds("/mnt/azureml/cr/j/1d7eefc4724d42fda5f962feab3ae6c2/.grpc/cs-capability:0") retry=FixedIntervalRetry { attempt_timeout_millis: 50, retry_delay_millis: 10, max_duration: 7200s }
2025-02-04T14:38:39.861260Z  INFO run_lifecycler:run_service_and_step_through_lifecycle:step_through_lifecycle:connect_capabilities:connect: grpc_utils::endpoint::connect: Successfully connected to gRPC service endpoint=Uds("/mnt/azureml/cr/j/1d7eefc4724d42fda5f962feab3ae6c2/.grpc/cs-capability:0")
2025-02-04T14:38:39.861343Z  INFO run_lifecycler:run_service_and_step_through_lifecycle:step_through_lifecycle:connect_capabilities:connect: grpc_utils::endpoint::connect: close time.busy=428µs time.idle=3.59ms
2025-02-04T14:38:39.861408Z  INFO run_lifecycler:run_service_and_step_through_lifecycle:step_through_lifecycle:connect_capabilities:wait_for_service_healthy: lifecycler::health_monitor: Waiting for service to become healthy: CS_CAPABILITY service_name=CS_CAPABILITY timeout=30s
2025-02-04T14:38:39.861453Z  WARN run_lifecycler:run_service_and_step_through_lifecycle:step_through_lifecycle:connect_capabilities:wait_for_service_healthy: grpc_utils::span: failed to inject span context to grpc request
2025-02-04T14:38:39.874641Z  INFO run_lifecycler:run_service_and_step_through_lifecycle:step_through_lifecycle:connect_capabilities:wait_for_service_healthy: lifecycler::health_client: Health status for service: CS_CAPABILITY service_name=CS_CAPABILITY health_status=1
2025-02-04T14:38:39.874734Z  INFO run_lifecycler:run_service_and_step_through_lifecycle:step_through_lifecycle:connect_capabilities:wait_for_service_healthy: lifecycler::health_monitor: Service has become healthy service_name=CS_CAPABILITY
2025-02-04T14:38:39.874761Z  INFO run_lifecycler:run_service_and_step_through_lifecycle:step_through_lifecycle:connect_capabilities:wait_for_service_healthy: lifecycler::health_monitor: close time.busy=377µs time.idle=13.0ms
2025-02-04T14:38:39.874953Z  INFO run_lifecycler:run_service_and_step_through_lifecycle:step_through_lifecycle:connect_capabilities:connect: grpc_utils::endpoint::connect: Connecting to gRPC service endpoint=Uds("/mnt/azureml/cr/j/1d7eefc4724d42fda5f962feab3ae6c2/.grpc/data-capability:0") retry=FixedIntervalRetry { attempt_timeout_millis: 50, retry_delay_millis: 10, max_duration: 7200s }
2025-02-04T14:38:41.398497Z  INFO run_lifecycler:run_service_and_step_through_lifecycle:step_through_lifecycle:connect_capabilities:connect: grpc_utils::endpoint::connect: Successfully connected to gRPC service endpoint=Uds("/mnt/azureml/cr/j/1d7eefc4724d42fda5f962feab3ae6c2/.grpc/data-capability:0")
2025-02-04T14:38:41.398605Z  INFO run_lifecycler:run_service_and_step_through_lifecycle:step_through_lifecycle:connect_capabilities:connect: grpc_utils::endpoint::connect: close time.busy=15.6ms time.idle=1.51s
2025-02-04T14:38:41.398806Z  INFO run_lifecycler:run_service_and_step_through_lifecycle:step_through_lifecycle:connect_capabilities:connect: grpc_utils::endpoint::connect: Connecting to gRPC service endpoint=Uds("/mnt/azureml/cr/j/1d7eefc4724d42fda5f962feab3ae6c2/.grpc/data-capability:0") retry=FixedIntervalRetry { attempt_timeout_millis: 50, retry_delay_millis: 10, max_duration: 7200s }
2025-02-04T14:38:41.399005Z  INFO run_lifecycler:run_service_and_step_through_lifecycle:step_through_lifecycle:connect_capabilities:connect: grpc_utils::endpoint::connect: Successfully connected to gRPC service endpoint=Uds("/mnt/azureml/cr/j/1d7eefc4724d42fda5f962feab3ae6c2/.grpc/data-capability:0")
2025-02-04T14:38:41.399057Z  INFO run_lifecycler:run_service_and_step_through_lifecycle:step_through_lifecycle:connect_capabilities:connect: grpc_utils::endpoint::connect: close time.busy=252µs time.idle=11.2µs
2025-02-04T14:38:41.399090Z  INFO run_lifecycler:run_service_and_step_through_lifecycle:step_through_lifecycle:connect_capabilities:wait_for_service_healthy: lifecycler::health_monitor: Waiting for service to become healthy: DATA_CAPABILITY service_name=DATA_CAPABILITY timeout=30s
2025-02-04T14:38:41.399134Z  WARN run_lifecycler:run_service_and_step_through_lifecycle:step_through_lifecycle:connect_capabilities:wait_for_service_healthy: grpc_utils::span: failed to inject span context to grpc request
2025-02-04T14:38:41.401246Z  INFO run_lifecycler:run_service_and_step_through_lifecycle:step_through_lifecycle:connect_capabilities:wait_for_service_healthy: lifecycler::health_client: Health status for service: DATA_CAPABILITY service_name=DATA_CAPABILITY health_status=1
2025-02-04T14:38:41.401302Z  INFO run_lifecycler:run_service_and_step_through_lifecycle:step_through_lifecycle:connect_capabilities:wait_for_service_healthy: lifecycler::health_monitor: Service has become healthy service_name=DATA_CAPABILITY
2025-02-04T14:38:41.401331Z  INFO run_lifecycler:run_service_and_step_through_lifecycle:step_through_lifecycle:connect_capabilities:wait_for_service_healthy: lifecycler::health_monitor: close time.busy=245µs time.idle=2.00ms
2025-02-04T14:38:41.401498Z  INFO run_lifecycler:run_service_and_step_through_lifecycle:step_through_lifecycle:connect_capabilities:connect: grpc_utils::endpoint::connect: Connecting to gRPC service endpoint=Uds("/mnt/azureml/cr/j/1d7eefc4724d42fda5f962feab3ae6c2/.grpc/hosttools-capability:0") retry=FixedIntervalRetry { attempt_timeout_millis: 50, retry_delay_millis: 10, max_duration: 7200s }
2025-02-04T14:38:41.401706Z  INFO run_lifecycler:run_service_and_step_through_lifecycle:step_through_lifecycle:connect_capabilities:connect: grpc_utils::endpoint::connect: Successfully connected to gRPC service endpoint=Uds("/mnt/azureml/cr/j/1d7eefc4724d42fda5f962feab3ae6c2/.grpc/hosttools-capability:0")
2025-02-04T14:38:41.401754Z  INFO run_lifecycler:run_service_and_step_through_lifecycle:step_through_lifecycle:connect_capabilities:connect: grpc_utils::endpoint::connect: close time.busy=256µs time.idle=5.30µs
2025-02-04T14:38:41.401874Z  INFO run_lifecycler:run_service_and_step_through_lifecycle:step_through_lifecycle:connect_capabilities:connect: grpc_utils::endpoint::connect: Connecting to gRPC service endpoint=Uds("/mnt/azureml/cr/j/1d7eefc4724d42fda5f962feab3ae6c2/.grpc/hosttools-capability:0") retry=FixedIntervalRetry { attempt_timeout_millis: 50, retry_delay_millis: 10, max_duration: 7200s }
2025-02-04T14:38:41.402091Z  INFO run_lifecycler:run_service_and_step_through_lifecycle:step_through_lifecycle:connect_capabilities:connect: grpc_utils::endpoint::connect: Successfully connected to gRPC service endpoint=Uds("/mnt/azureml/cr/j/1d7eefc4724d42fda5f962feab3ae6c2/.grpc/hosttools-capability:0")
2025-02-04T14:38:41.402146Z  INFO run_lifecycler:run_service_and_step_through_lifecycle:step_through_lifecycle:connect_capabilities:connect: grpc_utils::endpoint::connect: close time.busy=187µs time.idle=89.1µs
2025-02-04T14:38:41.402190Z  INFO run_lifecycler:run_service_and_step_through_lifecycle:step_through_lifecycle:connect_capabilities:wait_for_service_healthy: lifecycler::health_monitor: Waiting for service to become healthy: HOSTTOOLS_CAPABILITY service_name=HOSTTOOLS_CAPABILITY timeout=30s
2025-02-04T14:38:41.402236Z  WARN run_lifecycler:run_service_and_step_through_lifecycle:step_through_lifecycle:connect_capabilities:wait_for_service_healthy: grpc_utils::span: failed to inject span context to grpc request
2025-02-04T14:38:41.403104Z  INFO run_lifecycler:run_service_and_step_through_lifecycle:step_through_lifecycle:connect_capabilities:wait_for_service_healthy: lifecycler::health_client: Health status for service: HOSTTOOLS_CAPABILITY service_name=HOSTTOOLS_CAPABILITY health_status=1
2025-02-04T14:38:41.403161Z  INFO run_lifecycler:run_service_and_step_through_lifecycle:step_through_lifecycle:connect_capabilities:wait_for_service_healthy: lifecycler::health_monitor: Service has become healthy service_name=HOSTTOOLS_CAPABILITY
2025-02-04T14:38:41.403205Z  INFO run_lifecycler:run_service_and_step_through_lifecycle:step_through_lifecycle:connect_capabilities:wait_for_service_healthy: lifecycler::health_monitor: close time.busy=221µs time.idle=798µs
2025-02-04T14:38:41.403363Z  INFO run_lifecycler:run_service_and_step_through_lifecycle:step_through_lifecycle:connect_capabilities:connect: grpc_utils::endpoint::connect: Connecting to gRPC service endpoint=Uds("/mnt/azureml/cr/j/1d7eefc4724d42fda5f962feab3ae6c2/.grpc/metrics-capability:0") retry=FixedIntervalRetry { attempt_timeout_millis: 50, retry_delay_millis: 10, max_duration: 7200s }
2025-02-04T14:38:41.403598Z  INFO run_lifecycler:run_service_and_step_through_lifecycle:step_through_lifecycle:connect_capabilities:connect: grpc_utils::endpoint::connect: Successfully connected to gRPC service endpoint=Uds("/mnt/azureml/cr/j/1d7eefc4724d42fda5f962feab3ae6c2/.grpc/metrics-capability:0")
2025-02-04T14:38:41.403656Z  INFO run_lifecycler:run_service_and_step_through_lifecycle:step_through_lifecycle:connect_capabilities:connect: grpc_utils::endpoint::connect: close time.busy=292µs time.idle=5.10µs
2025-02-04T14:38:41.403788Z  INFO run_lifecycler:run_service_and_step_through_lifecycle:step_through_lifecycle:connect_capabilities:connect: grpc_utils::endpoint::connect: Connecting to gRPC service endpoint=Uds("/mnt/azureml/cr/j/1d7eefc4724d42fda5f962feab3ae6c2/.grpc/metrics-capability:0") retry=FixedIntervalRetry { attempt_timeout_millis: 50, retry_delay_millis: 10, max_duration: 7200s }
2025-02-04T14:38:41.403989Z  INFO run_lifecycler:run_service_and_step_through_lifecycle:step_through_lifecycle:connect_capabilities:connect: grpc_utils::endpoint::connect: Successfully connected to gRPC service endpoint=Uds("/mnt/azureml/cr/j/1d7eefc4724d42fda5f962feab3ae6c2/.grpc/metrics-capability:0")
2025-02-04T14:38:41.404036Z  INFO run_lifecycler:run_service_and_step_through_lifecycle:step_through_lifecycle:connect_capabilities:connect: grpc_utils::endpoint::connect: close time.busy=249µs time.idle=5.10µs
2025-02-04T14:38:41.404082Z  INFO run_lifecycler:run_service_and_step_through_lifecycle:step_through_lifecycle:connect_capabilities:wait_for_service_healthy: lifecycler::health_monitor: Waiting for service to become healthy: METRICS_CAPABILITY service_name=METRICS_CAPABILITY timeout=30s
2025-02-04T14:38:41.404124Z  WARN run_lifecycler:run_service_and_step_through_lifecycle:step_through_lifecycle:connect_capabilities:wait_for_service_healthy: grpc_utils::span: failed to inject span context to grpc request
2025-02-04T14:38:41.404742Z  INFO run_lifecycler:run_service_and_step_through_lifecycle:step_through_lifecycle:connect_capabilities:wait_for_service_healthy: lifecycler::health_client: Health status for service: METRICS_CAPABILITY service_name=METRICS_CAPABILITY health_status=1
2025-02-04T14:38:41.404791Z  INFO run_lifecycler:run_service_and_step_through_lifecycle:step_through_lifecycle:connect_capabilities:wait_for_service_healthy: lifecycler::health_monitor: Service has become healthy service_name=METRICS_CAPABILITY
2025-02-04T14:38:41.404817Z  INFO run_lifecycler:run_service_and_step_through_lifecycle:step_through_lifecycle:connect_capabilities:wait_for_service_healthy: lifecycler::health_monitor: close time.busy=176µs time.idle=563µs
2025-02-04T14:38:41.404921Z  INFO run_lifecycler:run_service_and_step_through_lifecycle:step_through_lifecycle:connect_capabilities:connect: grpc_utils::endpoint::connect: Connecting to gRPC service endpoint=Uds("/mnt/azureml/cr/j/1d7eefc4724d42fda5f962feab3ae6c2/.grpc/snapshot-capability:0") retry=FixedIntervalRetry { attempt_timeout_millis: 50, retry_delay_millis: 10, max_duration: 7200s }
2025-02-04T14:38:41.405186Z  INFO run_lifecycler:run_service_and_step_through_lifecycle:step_through_lifecycle:connect_capabilities:connect: grpc_utils::endpoint::connect: Successfully connected to gRPC service endpoint=Uds("/mnt/azureml/cr/j/1d7eefc4724d42fda5f962feab3ae6c2/.grpc/snapshot-capability:0")
2025-02-04T14:38:41.405235Z  INFO run_lifecycler:run_service_and_step_through_lifecycle:step_through_lifecycle:connect_capabilities:connect: grpc_utils::endpoint::connect: close time.busy=265µs time.idle=52.4µs
2025-02-04T14:38:41.405359Z  INFO run_lifecycler:run_service_and_step_through_lifecycle:step_through_lifecycle:connect_capabilities:connect: grpc_utils::endpoint::connect: Connecting to gRPC service endpoint=Uds("/mnt/azureml/cr/j/1d7eefc4724d42fda5f962feab3ae6c2/.grpc/snapshot-capability:0") retry=FixedIntervalRetry { attempt_timeout_millis: 50, retry_delay_millis: 10, max_duration: 7200s }
2025-02-04T14:38:41.405556Z  INFO run_lifecycler:run_service_and_step_through_lifecycle:step_through_lifecycle:connect_capabilities:connect: grpc_utils::endpoint::connect: Successfully connected to gRPC service endpoint=Uds("/mnt/azureml/cr/j/1d7eefc4724d42fda5f962feab3ae6c2/.grpc/snapshot-capability:0")
2025-02-04T14:38:41.405606Z  INFO run_lifecycler:run_service_and_step_through_lifecycle:step_through_lifecycle:connect_capabilities:connect: grpc_utils::endpoint::connect: close time.busy=184µs time.idle=68.2µs
2025-02-04T14:38:41.405649Z  INFO run_lifecycler:run_service_and_step_through_lifecycle:step_through_lifecycle:connect_capabilities:wait_for_service_healthy: lifecycler::health_monitor: Waiting for service to become healthy: SNAPSHOT_CAPABILITY service_name=SNAPSHOT_CAPABILITY timeout=30s
2025-02-04T14:38:41.405692Z  WARN run_lifecycler:run_service_and_step_through_lifecycle:step_through_lifecycle:connect_capabilities:wait_for_service_healthy: grpc_utils::span: failed to inject span context to grpc request
2025-02-04T14:38:41.406279Z  INFO run_lifecycler:run_service_and_step_through_lifecycle:step_through_lifecycle:connect_capabilities:wait_for_service_healthy: lifecycler::health_client: Health status for service: SNAPSHOT_CAPABILITY service_name=SNAPSHOT_CAPABILITY health_status=1
2025-02-04T14:38:41.406328Z  INFO run_lifecycler:run_service_and_step_through_lifecycle:step_through_lifecycle:connect_capabilities:wait_for_service_healthy: lifecycler::health_monitor: Service has become healthy service_name=SNAPSHOT_CAPABILITY
2025-02-04T14:38:41.406356Z  INFO run_lifecycler:run_service_and_step_through_lifecycle:step_through_lifecycle:connect_capabilities:wait_for_service_healthy: lifecycler::health_monitor: close time.busy=227µs time.idle=484µs
2025-02-04T14:38:41.406389Z  INFO run_lifecycler:run_service_and_step_through_lifecycle:step_through_lifecycle:connect_capabilities: lifecycler::lifecycle: close time.busy=32.5ms time.idle=2.70s
2025-02-04T14:38:41.406421Z  WARN grpc_utils::span: failed to inject span context to grpc request
2025-02-04T14:38:41.406439Z  WARN run_lifecycler:run_service_and_step_through_lifecycle:step_through_lifecycle:start_capabilities:start{name="CS_CAPABILITY"}: grpc_utils::span: failed to inject span context to grpc request
2025-02-04T14:38:41.406458Z  WARN grpc_utils::span: failed to inject span context to grpc request
2025-02-04T14:38:41.406477Z  WARN run_lifecycler:run_service_and_step_through_lifecycle:step_through_lifecycle:start_capabilities:start{name="DATA_CAPABILITY"}: grpc_utils::span: failed to inject span context to grpc request
2025-02-04T14:38:41.406481Z  WARN grpc_utils::span: failed to inject span context to grpc request
2025-02-04T14:38:41.406504Z  WARN grpc_utils::span: failed to inject span context to grpc request
2025-02-04T14:38:41.406506Z  WARN run_lifecycler:run_service_and_step_through_lifecycle:step_through_lifecycle:start_capabilities:start{name="HOSTTOOLS_CAPABILITY"}: grpc_utils::span: failed to inject span context to grpc request
2025-02-04T14:38:41.406522Z  WARN grpc_utils::span: failed to inject span context to grpc request
2025-02-04T14:38:41.406535Z  WARN run_lifecycler:run_service_and_step_through_lifecycle:step_through_lifecycle:start_capabilities:start{name="METRICS_CAPABILITY"}: grpc_utils::span: failed to inject span context to grpc request
2025-02-04T14:38:41.406565Z  WARN run_lifecycler:run_service_and_step_through_lifecycle:step_through_lifecycle:start_capabilities:start{name="SNAPSHOT_CAPABILITY"}: grpc_utils::span: failed to inject span context to grpc request
2025-02-04T14:38:41.417066Z  INFO run_lifecycler:run_service_and_step_through_lifecycle:step_through_lifecycle:start_capabilities:start{name="HOSTTOOLS_CAPABILITY"}: lifecycler::capability_client: Received success code for start cap_name=HOSTTOOLS_CAPABILITY
2025-02-04T14:38:41.417258Z  INFO run_lifecycler:run_service_and_step_through_lifecycle:step_through_lifecycle:start_capabilities:start{name="HOSTTOOLS_CAPABILITY"}: lifecycler::capability_client: close time.busy=306µs time.idle=10.5ms
2025-02-04T14:38:41.417351Z  INFO run_lifecycler:run_service_and_step_through_lifecycle:step_through_lifecycle:start_capabilities:start{name="METRICS_CAPABILITY"}: lifecycler::capability_client: Received success code for start cap_name=METRICS_CAPABILITY
2025-02-04T14:38:41.417498Z  INFO run_lifecycler:run_service_and_step_through_lifecycle:step_through_lifecycle:start_capabilities:start{name="METRICS_CAPABILITY"}: lifecycler::capability_client: close time.busy=219µs time.idle=10.7ms
2025-02-04T14:38:41.478307Z  INFO run_lifecycler:run_service_and_step_through_lifecycle:step_through_lifecycle:start_capabilities:start{name="CS_CAPABILITY"}: lifecycler::capability_client: Received success code for start cap_name=CS_CAPABILITY
2025-02-04T14:38:41.478591Z  INFO run_lifecycler:run_service_and_step_through_lifecycle:step_through_lifecycle:start_capabilities:start{name="CS_CAPABILITY"}: lifecycler::capability_client: close time.busy=410µs time.idle=71.7ms
2025-02-04T14:38:41.837174Z  INFO run_lifecycler:run_service_and_step_through_lifecycle:step_through_lifecycle:start_capabilities:start{name="SNAPSHOT_CAPABILITY"}: lifecycler::capability_client: Received success code for start cap_name=SNAPSHOT_CAPABILITY
2025-02-04T14:38:41.837427Z  INFO run_lifecycler:run_service_and_step_through_lifecycle:step_through_lifecycle:start_capabilities:start{name="SNAPSHOT_CAPABILITY"}: lifecycler::capability_client: close time.busy=360µs time.idle=431ms
2025-02-04T14:38:42.924146Z  INFO run_lifecycler:run_service_and_step_through_lifecycle:step_through_lifecycle:start_capabilities:start{name="DATA_CAPABILITY"}: lifecycler::capability_client: Received success code for start cap_name=DATA_CAPABILITY
2025-02-04T14:38:42.924500Z  INFO run_lifecycler:run_service_and_step_through_lifecycle:step_through_lifecycle:start_capabilities:start{name="DATA_CAPABILITY"}: lifecycler::capability_client: close time.busy=615µs time.idle=1.52s
2025-02-04T14:38:42.924590Z  INFO run_lifecycler:run_service_and_step_through_lifecycle:step_through_lifecycle:start_capabilities: lifecycler::lifecycle: close time.busy=2.27ms time.idle=1.52s
2025-02-04T14:38:42.924654Z  INFO run_lifecycler:run_service_and_step_through_lifecycle:step_through_lifecycle:exit_capabilities{cap_type=Operation job_result=JobResult { job_status: Succeeded, error: None }}: lifecycler::lifecycle: close time.busy=4.40µs time.idle=13.7µs
2025-02-04T14:38:42.924687Z  INFO run_lifecycler:run_service_and_step_through_lifecycle:step_through_lifecycle: lifecycler::lifecycle: exited operation caps: true
2025-02-04T14:38:42.925047Z  INFO run_lifecycler:run_service_and_step_through_lifecycle:step_through_lifecycle:connect_executor:connect:connect: grpc_utils::endpoint::connect: Connecting to gRPC service endpoint=Uds("/mnt/azureml/cr/j/1d7eefc4724d42fda5f962feab3ae6c2/.grpc/executor:0") retry=FixedIntervalRetry { attempt_timeout_millis: 50, retry_delay_millis: 10, max_duration: 7200s }
2025-02-04T14:38:42.925470Z  INFO run_lifecycler:run_service_and_step_through_lifecycle:step_through_lifecycle:connect_executor:connect:connect: grpc_utils::endpoint::connect: Successfully connected to gRPC service endpoint=Uds("/mnt/azureml/cr/j/1d7eefc4724d42fda5f962feab3ae6c2/.grpc/executor:0")
2025-02-04T14:38:42.925673Z  INFO run_lifecycler:run_service_and_step_through_lifecycle:step_through_lifecycle:connect_executor:connect:connect: grpc_utils::endpoint::connect: close time.busy=565µs time.idle=67.4µs
2025-02-04T14:38:42.925709Z  INFO run_lifecycler:run_service_and_step_through_lifecycle:step_through_lifecycle:connect_executor:connect: lifecycler::executor_client: close time.busy=806µs time.idle=65.2µs
2025-02-04T14:38:42.925815Z  INFO run_lifecycler:run_service_and_step_through_lifecycle:step_through_lifecycle:connect_executor:connect:connect: grpc_utils::endpoint::connect: Connecting to gRPC service endpoint=Uds("/mnt/azureml/cr/j/1d7eefc4724d42fda5f962feab3ae6c2/.grpc/executor:0") retry=FixedIntervalRetry { attempt_timeout_millis: 50, retry_delay_millis: 10, max_duration: 7200s }
2025-02-04T14:38:42.926219Z  INFO run_lifecycler:run_service_and_step_through_lifecycle:step_through_lifecycle:connect_executor:connect:connect: grpc_utils::endpoint::connect: Successfully connected to gRPC service endpoint=Uds("/mnt/azureml/cr/j/1d7eefc4724d42fda5f962feab3ae6c2/.grpc/executor:0")
2025-02-04T14:38:42.926368Z  INFO run_lifecycler:run_service_and_step_through_lifecycle:step_through_lifecycle:connect_executor:connect:connect: grpc_utils::endpoint::connect: close time.busy=541µs time.idle=15.2µs
2025-02-04T14:38:42.926415Z  INFO run_lifecycler:run_service_and_step_through_lifecycle:step_through_lifecycle:connect_executor:connect: lifecycler::executor_client: close time.busy=678µs time.idle=14.5µs
2025-02-04T14:38:42.926554Z  INFO run_lifecycler:run_service_and_step_through_lifecycle:step_through_lifecycle:connect_executor:connect: grpc_utils::endpoint::connect: Connecting to gRPC service endpoint=Uds("/mnt/azureml/cr/j/1d7eefc4724d42fda5f962feab3ae6c2/.grpc/executor:0") retry=FixedIntervalRetry { attempt_timeout_millis: 50, retry_delay_millis: 10, max_duration: 7200s }
2025-02-04T14:38:42.927067Z  INFO run_lifecycler:run_service_and_step_through_lifecycle:step_through_lifecycle:connect_executor:connect: grpc_utils::endpoint::connect: Successfully connected to gRPC service endpoint=Uds("/mnt/azureml/cr/j/1d7eefc4724d42fda5f962feab3ae6c2/.grpc/executor:0")
2025-02-04T14:38:42.927229Z  INFO run_lifecycler:run_service_and_step_through_lifecycle:step_through_lifecycle:connect_executor:connect: grpc_utils::endpoint::connect: close time.busy=478µs time.idle=201µs
2025-02-04T14:38:42.927283Z  INFO run_lifecycler:run_service_and_step_through_lifecycle:step_through_lifecycle:connect_executor:wait_for_service_healthy: lifecycler::health_monitor: Waiting for service to become healthy: Executor service_name=Executor timeout=30s
2025-02-04T14:38:42.927407Z  WARN run_lifecycler:run_service_and_step_through_lifecycle:step_through_lifecycle:connect_executor:wait_for_service_healthy: grpc_utils::span: failed to inject span context to grpc request
2025-02-04T14:38:42.928108Z  INFO run_lifecycler:run_service_and_step_through_lifecycle:step_through_lifecycle:connect_executor:wait_for_service_healthy: lifecycler::health_client: Health status for service: Executor service_name=Executor health_status=1
2025-02-04T14:38:42.928290Z  INFO run_lifecycler:run_service_and_step_through_lifecycle:step_through_lifecycle:connect_executor:wait_for_service_healthy: lifecycler::health_monitor: Service has become healthy service_name=Executor
2025-02-04T14:38:42.928409Z  INFO run_lifecycler:run_service_and_step_through_lifecycle:step_through_lifecycle:connect_executor:wait_for_service_healthy: lifecycler::health_monitor: close time.busy=624µs time.idle=506µs
2025-02-04T14:38:42.928455Z  INFO run_lifecycler:run_service_and_step_through_lifecycle:step_through_lifecycle:connect_executor: lifecycler::lifecycle: close time.busy=2.85ms time.idle=782µs
2025-02-04T14:38:42.928484Z  INFO run_lifecycler:run_service_and_step_through_lifecycle:step_through_lifecycle:connect_lifecyclers{lifecycler_addresses=None}: lifecycler::lifecycle: close time.busy=1.90µs time.idle=5.30µs
2025-02-04T14:38:42.928546Z  INFO run_lifecycler:run_service_and_step_through_lifecycle:step_through_lifecycle:execute: lifecycler::lifecycle: entering phase rank=None phase=0 is_leader=true entered_phases=false
2025-02-04T14:38:42.928724Z  INFO run_lifecycler:run_service_and_step_through_lifecycle:step_through_lifecycle:execute:barrier_sync: lifecycler::lifecycle: close time.busy=1.20µs time.idle=4.10µs
2025-02-04T14:38:42.928814Z  INFO run_lifecycler:run_service_and_step_through_lifecycle:step_through_lifecycle:execute: lifecycler::lifecycle: Successfully got AzureML Context from environment, updating Run History with new run attempt
2025-02-04T14:38:42.928980Z  WARN run_lifecycler:run_service_and_step_through_lifecycle:step_through_lifecycle:execute: lifecycler::lifecycle: Skip updating run_attempt since cannot find AZUREML_CR_ENABLE_RUN_ATTEMPT_COUNT_BY_RUN_HISTORY from environment
2025-02-04T14:38:42.929131Z  INFO run_lifecycler:run_service_and_step_through_lifecycle:step_through_lifecycle:execute: lifecycler::lifecycle: starting phase execution rank=None phase=0
2025-02-04T14:38:42.929248Z  INFO run_lifecycler:run_service_and_step_through_lifecycle:step_through_lifecycle:execute: lifecycler::lifecycle: executing phase commands rank=None phase=0
2025-02-04T14:38:42.929410Z  INFO run_lifecycler:run_service_and_step_through_lifecycle:step_through_lifecycle:execute:executor_client::execute_commands{lifecycle_address="/mnt/azureml/cr/j/1d7eefc4724d42fda5f962feab3ae6c2/.grpc/lifecycler:0" scheduling=None debug_mode=Some(false)}: lifecycler::executor_client: Executing commands
2025-02-04T14:38:42.929591Z  WARN run_lifecycler:run_service_and_step_through_lifecycle:step_through_lifecycle:execute:executor_client::execute_commands{lifecycle_address="/mnt/azureml/cr/j/1d7eefc4724d42fda5f962feab3ae6c2/.grpc/lifecycler:0" scheduling=None debug_mode=Some(false)}:executor_client::start_execution{lifecycler_address="/mnt/azureml/cr/j/1d7eefc4724d42fda5f962feab3ae6c2/.grpc/lifecycler:0" debug_mode=Some(false) commands_f=Command(Command { executable: Shell { path: None, command: "python train_model.py --model_type LogisticRegression --data $AZURE_ML_INPUT_data --registered_model_name credit_defaults_model --n_trials 50", success_return_code: Zero { additional_codes: [] } }, stderr: None, stdout: Some("user_logs/std_log.txt") }) path_mappings_f={}}: grpc_utils::span: failed to inject span context to grpc request
2025-02-04T14:38:42.929720Z  INFO run_lifecycler:run_service_and_step_through_lifecycle:step_through_lifecycle:execute:executor_client::execute_commands{lifecycle_address="/mnt/azureml/cr/j/1d7eefc4724d42fda5f962feab3ae6c2/.grpc/lifecycler:0" scheduling=None debug_mode=Some(false)}:executor_client::start_execution{lifecycler_address="/mnt/azureml/cr/j/1d7eefc4724d42fda5f962feab3ae6c2/.grpc/lifecycler:0" debug_mode=Some(false) commands_f=Command(Command { executable: Shell { path: None, command: "python train_model.py --model_type LogisticRegression --data $AZURE_ML_INPUT_data --registered_model_name credit_defaults_model --n_trials 50", success_return_code: Zero { additional_codes: [] } }, stderr: None, stdout: Some("user_logs/std_log.txt") }) path_mappings_f={}}: lifecycler::executor_client: Starting execution execution_id=a7dec774-f5af-4df4-a86b-bd4b1f9989b6 lifecycler_address=/mnt/azureml/cr/j/1d7eefc4724d42fda5f962feab3ae6c2/.grpc/lifecycler:0
2025-02-04T14:38:42.938815Z  INFO run_lifecycler:run_service_and_step_through_lifecycle:step_through_lifecycle:execute:executor_client::execute_commands{lifecycle_address="/mnt/azureml/cr/j/1d7eefc4724d42fda5f962feab3ae6c2/.grpc/lifecycler:0" scheduling=None debug_mode=Some(false)}:executor_client::start_execution{lifecycler_address="/mnt/azureml/cr/j/1d7eefc4724d42fda5f962feab3ae6c2/.grpc/lifecycler:0" debug_mode=Some(false) commands_f=Command(Command { executable: Shell { path: None, command: "python train_model.py --model_type LogisticRegression --data $AZURE_ML_INPUT_data --registered_model_name credit_defaults_model --n_trials 50", success_return_code: Zero { additional_codes: [] } }, stderr: None, stdout: Some("user_logs/std_log.txt") }) path_mappings_f={}}: lifecycler::executor_client: close time.busy=378µs time.idle=8.89ms
2025-02-04T14:38:42.938920Z  INFO run_lifecycler:run_service_and_step_through_lifecycle:step_through_lifecycle:execute:executor_client::execute_commands{lifecycle_address="/mnt/azureml/cr/j/1d7eefc4724d42fda5f962feab3ae6c2/.grpc/lifecycler:0" scheduling=None debug_mode=Some(false)}: lifecycler::executor_client: Waiting for execution completion execution_id="a7dec774-f5af-4df4-a86b-bd4b1f9989b6"
2025-02-04T14:39:21.424530Z  WARN grpc_utils::span: failed to inject span context to grpc request
2025-02-04T14:39:21.425061Z  WARN grpc_utils::span: failed to inject span context to grpc request
2025-02-04T14:39:21.425112Z  WARN grpc_utils::span: failed to inject span context to grpc request
2025-02-04T14:39:21.425328Z  WARN grpc_utils::span: failed to inject span context to grpc request
2025-02-04T14:39:21.425462Z  WARN grpc_utils::span: failed to inject span context to grpc request
2025-02-04T14:39:21.425595Z  WARN grpc_utils::span: failed to inject span context to grpc request
2025-02-04T14:40:01.438885Z  WARN grpc_utils::span: failed to inject span context to grpc request
2025-02-04T14:40:01.439264Z  WARN grpc_utils::span: failed to inject span context to grpc request
2025-02-04T14:40:01.439704Z  WARN grpc_utils::span: failed to inject span context to grpc request
2025-02-04T14:40:01.439848Z  WARN grpc_utils::span: failed to inject span context to grpc request
2025-02-04T14:40:01.440085Z  WARN grpc_utils::span: failed to inject span context to grpc request
2025-02-04T14:40:01.440258Z  WARN grpc_utils::span: failed to inject span context to grpc request
2025-02-04T14:40:41.460108Z  WARN grpc_utils::span: failed to inject span context to grpc request
2025-02-04T14:40:41.460412Z  WARN grpc_utils::span: failed to inject span context to grpc request
2025-02-04T14:40:41.460841Z  WARN grpc_utils::span: failed to inject span context to grpc request
2025-02-04T14:40:41.461732Z  WARN grpc_utils::span: failed to inject span context to grpc request
2025-02-04T14:40:41.462211Z  WARN grpc_utils::span: failed to inject span context to grpc request
2025-02-04T14:40:41.462713Z  WARN grpc_utils::span: failed to inject span context to grpc request
2025-02-04T14:41:21.465096Z  WARN grpc_utils::span: failed to inject span context to grpc request
2025-02-04T14:41:21.465255Z  WARN grpc_utils::span: failed to inject span context to grpc request
2025-02-04T14:41:21.465296Z  WARN grpc_utils::span: failed to inject span context to grpc request
2025-02-04T14:41:21.465319Z  WARN grpc_utils::span: failed to inject span context to grpc request
2025-02-04T14:41:21.465339Z  WARN grpc_utils::span: failed to inject span context to grpc request
2025-02-04T14:41:21.465366Z  WARN grpc_utils::span: failed to inject span context to grpc request
2025-02-04T14:41:21.467807Z  INFO lifecycler::health_client: Health status for service: SNAPSHOT_CAPABILITY service_name=SNAPSHOT_CAPABILITY health_status=1
2025-02-04T14:41:21.467963Z  INFO lifecycler::health_client: Health status for service: CS_CAPABILITY service_name=CS_CAPABILITY health_status=1
2025-02-04T14:41:21.468048Z  INFO lifecycler::health_client: Health status for service: HOSTTOOLS_CAPABILITY service_name=HOSTTOOLS_CAPABILITY health_status=1
2025-02-04T14:41:21.468146Z  INFO lifecycler::health_client: Health status for service: METRICS_CAPABILITY service_name=METRICS_CAPABILITY health_status=1
2025-02-04T14:41:21.468818Z  INFO lifecycler::health_client: Health status for service: Executor service_name=Executor health_status=1
2025-02-04T14:41:21.469100Z  INFO lifecycler::health_client: Health status for service: DATA_CAPABILITY service_name=DATA_CAPABILITY health_status=1
2025-02-04T14:42:01.470126Z  WARN grpc_utils::span: failed to inject span context to grpc request
2025-02-04T14:42:01.470320Z  WARN grpc_utils::span: failed to inject span context to grpc request
2025-02-04T14:42:01.470410Z  WARN grpc_utils::span: failed to inject span context to grpc request
2025-02-04T14:42:01.470679Z  WARN grpc_utils::span: failed to inject span context to grpc request
2025-02-04T14:42:01.470849Z  WARN grpc_utils::span: failed to inject span context to grpc request
2025-02-04T14:42:01.470909Z  WARN grpc_utils::span: failed to inject span context to grpc request
2025-02-04T14:42:06.254473Z  INFO ExecutionCallbackServicer::complete_execution: grpc_utils::server: Got grpc request request_name="complete_execution" remote_addr=None
2025-02-04T14:42:06.254585Z  INFO ExecutionCallbackServicer::complete_execution: lifecycler::service: close time.busy=120µs time.idle=17.9µs
2025-02-04T14:42:06.254622Z  INFO run_lifecycler:run_service_and_step_through_lifecycle:step_through_lifecycle:execute:executor_client::execute_commands{lifecycle_address="/mnt/azureml/cr/j/1d7eefc4724d42fda5f962feab3ae6c2/.grpc/lifecycler:0" scheduling=None debug_mode=Some(false)}:executor_client::wait_for_execution_completion{execution_id="a7dec774-f5af-4df4-a86b-bd4b1f9989b6"}: lifecycler::executor_client: close time.busy=8.10µs time.idle=203s
2025-02-04T14:42:06.254678Z  INFO run_lifecycler:run_service_and_step_through_lifecycle:step_through_lifecycle:execute:executor_client::execute_commands{lifecycle_address="/mnt/azureml/cr/j/1d7eefc4724d42fda5f962feab3ae6c2/.grpc/lifecycler:0" scheduling=None debug_mode=Some(false)}: lifecycler::executor_client: Execution completed execution_id="a7dec774-f5af-4df4-a86b-bd4b1f9989b6"
2025-02-04T14:42:06.254739Z  INFO run_lifecycler:run_service_and_step_through_lifecycle:step_through_lifecycle:execute:executor_client::execute_commands{lifecycle_address="/mnt/azureml/cr/j/1d7eefc4724d42fda5f962feab3ae6c2/.grpc/lifecycler:0" scheduling=None debug_mode=Some(false)}: lifecycler::executor_client: close time.busy=991µs time.idle=203s
2025-02-04T14:42:06.254784Z  INFO run_lifecycler:run_service_and_step_through_lifecycle:step_through_lifecycle:execute: lifecycler::lifecycle: phase execution completed. rank=None phase=0
2025-02-04T14:42:06.254862Z  INFO run_lifecycler:run_service_and_step_through_lifecycle:step_through_lifecycle:execute: lifecycler::lifecycle: close time.busy=2.02ms time.idle=203s
2025-02-04T14:42:06.254922Z  WARN run_lifecycler:run_service_and_step_through_lifecycle:step_through_lifecycle:end_service_capabilities:end{name="CS_CAPABILITY"}: grpc_utils::span: failed to inject span context to grpc request
2025-02-04T14:42:06.255011Z  WARN run_lifecycler:run_service_and_step_through_lifecycle:step_through_lifecycle:end_service_capabilities:end{name="DATA_CAPABILITY"}: grpc_utils::span: failed to inject span context to grpc request
2025-02-04T14:42:06.255052Z  WARN run_lifecycler:run_service_and_step_through_lifecycle:step_through_lifecycle:end_service_capabilities:end{name="HOSTTOOLS_CAPABILITY"}: grpc_utils::span: failed to inject span context to grpc request
2025-02-04T14:42:06.255099Z  WARN run_lifecycler:run_service_and_step_through_lifecycle:step_through_lifecycle:end_service_capabilities:end{name="METRICS_CAPABILITY"}: grpc_utils::span: failed to inject span context to grpc request
2025-02-04T14:42:06.255134Z  WARN run_lifecycler:run_service_and_step_through_lifecycle:step_through_lifecycle:end_service_capabilities:end{name="SNAPSHOT_CAPABILITY"}: grpc_utils::span: failed to inject span context to grpc request
2025-02-04T14:42:06.256505Z  INFO run_lifecycler:run_service_and_step_through_lifecycle:step_through_lifecycle:end_service_capabilities:end{name="METRICS_CAPABILITY"}: lifecycler::capability_client: Received success code for end cap_name=METRICS_CAPABILITY
2025-02-04T14:42:06.256777Z  INFO run_lifecycler:run_service_and_step_through_lifecycle:step_through_lifecycle:end_service_capabilities:end{name="METRICS_CAPABILITY"}: lifecycler::capability_client: close time.busy=337µs time.idle=1.35ms
2025-02-04T14:42:06.264354Z  INFO run_lifecycler:run_service_and_step_through_lifecycle:step_through_lifecycle:end_service_capabilities:end{name="SNAPSHOT_CAPABILITY"}: lifecycler::capability_client: Received success code for end cap_name=SNAPSHOT_CAPABILITY
2025-02-04T14:42:06.264470Z  INFO run_lifecycler:run_service_and_step_through_lifecycle:step_through_lifecycle:end_service_capabilities:end{name="SNAPSHOT_CAPABILITY"}: lifecycler::capability_client: close time.busy=187µs time.idle=9.16ms
2025-02-04T14:42:06.275106Z  INFO run_lifecycler:run_service_and_step_through_lifecycle:step_through_lifecycle:end_service_capabilities:end{name="DATA_CAPABILITY"}: lifecycler::capability_client: Received success code for end cap_name=DATA_CAPABILITY
2025-02-04T14:42:06.275216Z  INFO run_lifecycler:run_service_and_step_through_lifecycle:step_through_lifecycle:end_service_capabilities:end{name="DATA_CAPABILITY"}: lifecycler::capability_client: close time.busy=212µs time.idle=20.0ms
