2025-02-04T14:34:51.927920Z  INFO telemetry: job_telemetry_init artifact_type=installed branch=origin/6939da8cbd6c2e8ae95ad9ac5a4346556d9d4c41 ci_number=20241028.3 ci_name=CommonRuntime-Linux-prod-build-OneBranchOfficial build_time=2024-10-28 17:22:45.382580
2025-02-04T14:34:51.929930Z  INFO run_execution_wrapper: execution_wrapper: Successfully dumped bootstrapping environment to file
2025-02-04T14:34:51.929985Z  INFO run_execution_wrapper: execution_wrapper: Enable std log streaming is not specified in executor configuration, default to not stream logs to stdout and stderr
2025-02-04T14:34:51.930003Z  INFO run_execution_wrapper: execution_wrapper: Enable termination signal handling is not specified in executor configuration, default to ignore termination signals
2025-02-04T14:34:51.930037Z  INFO run_execution_wrapper: execution_wrapper: Executor config not provided, certificates will not be updated.
2025-02-04T14:34:51.930085Z  INFO run_execution_wrapper:execution-wrapper::run_service{path_mapping_kind=None error_pattern_json_files_post_execution=None error_pattern_json_file_mid_execution=None enable_std_log_streaming=false skip_user_log_file_generation=false enable_termination_signal_handling=false}: execution_wrapper::service: serving execution service at executor_address=/mnt/azureml/cr/j/c5635329405a45daba32cc805b62e3a3/.grpc/executor:0
2025-02-04T14:34:51.930240Z  INFO run_execution_wrapper:execution-wrapper::run_service{path_mapping_kind=None error_pattern_json_files_post_execution=None error_pattern_json_file_mid_execution=None enable_std_log_streaming=false skip_user_log_file_generation=false enable_termination_signal_handling=false}: cr_core: Successfully configured current process to ignore termination signals
2025-02-04T14:34:51.930352Z  INFO run_execution_wrapper:execution-wrapper::run_service{path_mapping_kind=None error_pattern_json_files_post_execution=None error_pattern_json_file_mid_execution=None enable_std_log_streaming=false skip_user_log_file_generation=false enable_termination_signal_handling=false}:serve: grpc_utils::endpoint::serve: serving gRPC service endpoint=Uds("/mnt/azureml/cr/j/c5635329405a45daba32cc805b62e3a3/.grpc/executor:0") retry=ExponentialBackoffRetry { retry_delay_secs: 2, delay_factor: 1000, num_retries: 3 }
2025-02-04T14:35:04.949019Z  INFO ExecutionServicer::run: grpc_utils::server: Got grpc request request_name="run" remote_addr=None
2025-02-04T14:35:04.949113Z  INFO ExecutionServicer::run:ExecutionServicer::spawn_execution{wait_execution_completion=false}: execution_wrapper::service: spawn_execution request id="77494343-3877-4a0f-a389-034725c3169d" client_address=Some("/mnt/azureml/cr/j/c5635329405a45daba32cc805b62e3a3/.grpc/lifecycler:0")
2025-02-04T14:35:04.949167Z  WARN ExecutionServicer::run:ExecutionServicer::spawn_execution{wait_execution_completion=false}:inject_legacy_env_vars: execution_wrapper::legacy_env_vars: Skip injecting legacy env vars, distributed config is None, setting only the defaults
2025-02-04T14:35:04.949202Z  INFO ExecutionServicer::run:ExecutionServicer::spawn_execution{wait_execution_completion=false}:inject_legacy_env_vars: execution_wrapper::legacy_env_vars: Injecting AZ_BATCHAI_JOB_WORK_DIR=/mnt/azureml/cr/j/c5635329405a45daba32cc805b62e3a3/exe/wd working_dir="/mnt/azureml/cr/j/c5635329405a45daba32cc805b62e3a3/exe/wd"
2025-02-04T14:35:04.949241Z  INFO ExecutionServicer::run:ExecutionServicer::spawn_execution{wait_execution_completion=false}:inject_legacy_env_vars: execution_wrapper::legacy_env_vars: Injecting AZUREML_PROCESS_NAME=main as default
2025-02-04T14:35:04.949327Z  INFO ExecutionServicer::run:ExecutionServicer::spawn_execution{wait_execution_completion=false}:inject_legacy_env_vars:get_gpu_count: execution_wrapper::common: Get ComputeContext from env success compute_context=ComputeContext { cluster_name: "My-Cluster01", node_id: Literal("my-cluster01-uaN6DXuuDs6fXai3N8oaH-dVn0RR8UaD-vm"), vm_id: Some("0c3597ee-0083-4b97-8176-8872d310d715"), run_attempt_count: 1, gpu_count: Some(0), vm_size: Some("Standard_F4s_v2"), readable_cluster_name: Some("My-Cluster01"), vm_priority: Some(Dedicated), use_vnet_or_private_link: false }
2025-02-04T14:35:04.949376Z  INFO ExecutionServicer::run:ExecutionServicer::spawn_execution{wait_execution_completion=false}:inject_legacy_env_vars:get_gpu_count: execution_wrapper::common: close time.busy=103µs time.idle=4.20µs
2025-02-04T14:35:04.949404Z  INFO ExecutionServicer::run:ExecutionServicer::spawn_execution{wait_execution_completion=false}:inject_legacy_env_vars:override_dc_env_vars: execution_wrapper::dc_env_vars: Updated env AZUREML_CR_EXECUTOR_CONFIG for spawned process
2025-02-04T14:35:04.949427Z  INFO ExecutionServicer::run:ExecutionServicer::spawn_execution{wait_execution_completion=false}:inject_legacy_env_vars:override_dc_env_vars: execution_wrapper::dc_env_vars: Env var AZUREML_CR_DISTRIBUTED_CONFIG is empty for current process
2025-02-04T14:35:04.949444Z  INFO ExecutionServicer::run:ExecutionServicer::spawn_execution{wait_execution_completion=false}:inject_legacy_env_vars:override_dc_env_vars: execution_wrapper::dc_env_vars: Updated env AZUREML_SERVICE_ENDPOINT for spawned process
2025-02-04T14:35:04.949469Z  INFO ExecutionServicer::run:ExecutionServicer::spawn_execution{wait_execution_completion=false}:inject_legacy_env_vars:override_dc_env_vars: execution_wrapper::dc_env_vars: Updated env AZUREML_SERVICE_CERT_ENDPOINT for spawned process
2025-02-04T14:35:04.949491Z  INFO ExecutionServicer::run:ExecutionServicer::spawn_execution{wait_execution_completion=false}:inject_legacy_env_vars:override_dc_env_vars: execution_wrapper::dc_env_vars: Updated env AZUREML_DISCOVERY_SERVICE_ENDPOINT for spawned process
2025-02-04T14:35:04.949515Z  INFO ExecutionServicer::run:ExecutionServicer::spawn_execution{wait_execution_completion=false}:inject_legacy_env_vars:override_dc_env_vars: execution_wrapper::dc_env_vars: Env var AZUREML_DEV_URL_MLFLOW is empty for current process
2025-02-04T14:35:04.949535Z  INFO ExecutionServicer::run:ExecutionServicer::spawn_execution{wait_execution_completion=false}:inject_legacy_env_vars:override_dc_env_vars: execution_wrapper::dc_env_vars: Updated env AZUREML_RUN_HISTORY_SERVICE_ENDPOINT for spawned process
2025-02-04T14:35:04.949554Z  INFO ExecutionServicer::run:ExecutionServicer::spawn_execution{wait_execution_completion=false}:inject_legacy_env_vars:override_dc_env_vars: execution_wrapper::dc_env_vars: close time.busy=151µs time.idle=2.80µs
2025-02-04T14:35:04.949571Z  INFO ExecutionServicer::run:ExecutionServicer::spawn_execution{wait_execution_completion=false}:inject_legacy_env_vars: execution_wrapper::legacy_env_vars: close time.busy=407µs time.idle=6.80µs
2025-02-04T14:35:04.949599Z  INFO ExecutionServicer::run:ExecutionServicer::spawn_execution{wait_execution_completion=false}: execution_wrapper::infiniband_utils: Is InfiniBand device present: false infiniband_device_path="/dev/infiniband/uverbs0"
2025-02-04T14:35:04.949629Z  INFO ExecutionServicer::run:ExecutionServicer::spawn_execution{wait_execution_completion=false}: execution_wrapper::service: Spawning execution
2025-02-04T14:35:05.047066Z  INFO ExecutionServicer::run:ExecutionServicer::spawn_execution{wait_execution_completion=false}:Execution::parse_commands: execution_wrapper::command_resolvers::shell: Using detected user shell: "/bin/bash" shell="/bin/bash"
2025-02-04T14:35:05.047211Z  INFO ExecutionServicer::run:ExecutionServicer::spawn_execution{wait_execution_completion=false}:Execution::parse_commands: execution_wrapper::execution: close time.busy=97.4ms time.idle=4.60µs
2025-02-04T14:35:05.047577Z  INFO ExecutionServicer::run:ExecutionServicer::spawn_execution{wait_execution_completion=false}:Execution::spawn{wait_execution_completion=false}: execution_wrapper::execution: Spawning target process
2025-02-04T14:35:05.055248Z  INFO ExecutionServicer::run:ExecutionServicer::spawn_execution{wait_execution_completion=false}:Execution::spawn{wait_execution_completion=false}: execution_wrapper::execution: execution process spawned pid=17
2025-02-04T14:35:05.055600Z  INFO execution_wrapper::execution: start waiting for processes execution to complete num_processes=1
2025-02-04T14:35:05.055779Z  INFO Execution::wait_for_completion: execution_wrapper::execution::process_manager: ProcessManagerExecution state changing from PendingExecution to PendingExecution
2025-02-04T14:36:10.689425Z  INFO Execution::wait_for_completion: execution_wrapper::execution::process_manager: ProcessManagerExecution state changing from PendingExecution to ExecutionCompleted
2025-02-04T14:36:10.689604Z  INFO Execution::wait_for_completion: execution_wrapper::execution::process_manager: Start collecting process exit statuses
2025-02-04T14:36:10.689652Z  INFO Execution::wait_for_completion: execution_wrapper::execution::process_manager: Successfully collected the exit status of user process pid=17 process_name=python killed_by_process_manager=false
2025-02-04T14:36:10.689765Z  INFO Execution::wait_for_completion: execution_wrapper::execution::process_manager: Process manager successfully collected the exit statuses of all user processes on current node
2025-02-04T14:36:10.689810Z  INFO Execution::wait_for_completion: execution_wrapper::execution::process_manager: ProcessManagerExecution state changing from ExecutionCompleted to CleanupStreamingTasks
2025-02-04T14:36:10.689858Z  INFO Execution::wait_for_completion: execution_wrapper::execution::process_manager: Start cleaning up execution log streaming tasks
2025-02-04T14:36:10.689923Z  INFO Execution::wait_for_completion: execution_wrapper::execution::process_manager: Process manager successfully aborted all streaming tasks for current execution
2025-02-04T14:36:10.689973Z  INFO Execution::wait_for_completion: execution_wrapper::execution: Gathered execution result for rank 0 process_rank=0 exit_code=0 stderr_path=Some("user_logs/std_log.txt")
2025-02-04T14:36:10.690043Z  INFO Execution::wait_for_completion: execution_wrapper::execution: [wait_for_completion] execution process completed.
2025-02-04T14:36:10.690145Z  WARN Execution::wait_for_completion:ExecutionFinalizer::on_exit:ExecutionFinalizer::complete_execution: grpc_utils::span: failed to inject span context to grpc request
2025-02-04T14:36:10.690204Z  INFO Execution::wait_for_completion:ExecutionFinalizer::on_exit:ExecutionFinalizer::complete_execution:execution-wrapper::connect_to_callback_service: execution_wrapper::service: connecting to callback endpoint: /mnt/azureml/cr/j/c5635329405a45daba32cc805b62e3a3/.grpc/lifecycler:0 client_address=/mnt/azureml/cr/j/c5635329405a45daba32cc805b62e3a3/.grpc/lifecycler:0
2025-02-04T14:36:10.690402Z  INFO Execution::wait_for_completion:ExecutionFinalizer::on_exit:ExecutionFinalizer::complete_execution:execution-wrapper::connect_to_callback_service:connect: grpc_utils::endpoint::connect: Connecting to gRPC service endpoint=Uds("/mnt/azureml/cr/j/c5635329405a45daba32cc805b62e3a3/.grpc/lifecycler:0") retry=FixedIntervalRetry { attempt_timeout_millis: 50, retry_delay_millis: 10, max_duration: 600s }
2025-02-04T14:36:10.690744Z  INFO Execution::wait_for_completion:ExecutionFinalizer::on_exit:ExecutionFinalizer::complete_execution:execution-wrapper::connect_to_callback_service:connect: grpc_utils::endpoint::connect: Successfully connected to gRPC service endpoint=Uds("/mnt/azureml/cr/j/c5635329405a45daba32cc805b62e3a3/.grpc/lifecycler:0")
2025-02-04T14:36:10.690809Z  INFO Execution::wait_for_completion:ExecutionFinalizer::on_exit:ExecutionFinalizer::complete_execution:execution-wrapper::connect_to_callback_service:connect: grpc_utils::endpoint::connect: close time.busy=382µs time.idle=32.2µs
2025-02-04T14:36:10.690854Z  INFO Execution::wait_for_completion:ExecutionFinalizer::on_exit:ExecutionFinalizer::complete_execution:execution-wrapper::connect_to_callback_service: execution_wrapper::service: close time.busy=628µs time.idle=41.3µs
2025-02-04T14:36:10.694900Z  INFO Execution::wait_for_completion:ExecutionFinalizer::on_exit:ExecutionFinalizer::complete_execution: execution_wrapper::service: Completed execution id=77494343-3877-4a0f-a389-034725c3169d
2025-02-04T14:36:10.695010Z  INFO Execution::wait_for_completion:ExecutionFinalizer::on_exit:ExecutionFinalizer::complete_execution: execution_wrapper::service: close time.busy=914µs time.idle=3.96ms
2025-02-04T14:36:10.695043Z  INFO Execution::wait_for_completion:ExecutionFinalizer::on_exit: execution_wrapper::service: close time.busy=959µs time.idle=3.98ms
2025-02-04T14:36:10.695060Z  INFO ExecutionServicer::run:ExecutionServicer::spawn_execution{wait_execution_completion=false}:Execution::spawn{wait_execution_completion=false}: execution_wrapper::execution: close time.busy=7.93ms time.idle=65.6s
2025-02-04T14:36:10.695080Z  INFO ExecutionServicer::run:ExecutionServicer::spawn_execution{wait_execution_completion=false}: execution_wrapper::service: close time.busy=106ms time.idle=65.6s
2025-02-04T14:36:10.695090Z  INFO ExecutionServicer::run: execution_wrapper::service: close time.busy=106ms time.idle=65.6s
2025-02-04T14:36:10.695108Z  INFO Execution::wait_for_completion: execution_wrapper::execution: close time.busy=1.84ms time.idle=65.6s
2025-02-04T14:36:10.695125Z  INFO execution_wrapper::execution: process execution completed
